#
# There is insufficient memory for the Java Runtime Environment to continue.
# Native memory allocation (mmap) failed to map 268435456 bytes for G1 virtual space
# Possible reasons:
#   The system is out of physical RAM or swap space
#   The process is running with CompressedOops enabled, and the Java Heap may be blocking the growth of the native heap
# Possible solutions:
#   Reduce memory load on the system
#   Increase physical memory or swap space
#   Check if swap backing store is full
#   Decrease Java heap size (-Xmx/-Xms)
#   Decrease number of Java threads
#   Decrease Java thread stack sizes (-Xss)
#   Set larger code cache with -XX:ReservedCodeCacheSize=
#   JVM is running with Zero Based Compressed Oops mode in which the Java heap is
#     placed in the first 32GB address space. The Java Heap base address is the
#     maximum limit for the native heap growth. Please use -XX:HeapBaseMinAddress
#     to set the Java Heap base and to place the Java Heap above 32GB virtual address.
# This output file may be truncated or incomplete.
#
#  Out of Memory Error (os_windows.cpp:3466), pid=147064, tid=154844
#
# JRE version:  (16.0.2+7) (build )
# Java VM: OpenJDK 64-Bit Server VM (16.0.2+7-67, mixed mode, sharing, tiered, compressed oops, compressed class ptrs, g1 gc, windows-amd64)
# No core dump will be written. Minidumps are not enabled by default on client versions of Windows
#

---------------  S U M M A R Y ------------

Command Line: -Dfile.encoding=UTF-8 -XX:+ShowCodeDetailsInExceptionMessages com.fin.gui.HelpUi

Host: Intel(R) Core(TM) i7-4710HQ CPU @ 2.50GHz, 8 cores, 15G,  Windows 10 , 64 bit Build 19041 (10.0.19041.1806)
Time: Tue Jul 26 12:08:47 2022  Windows 10 , 64 bit Build 19041 (10.0.19041.1806) elapsed time: 0.045430 seconds (0d 0h 0m 0s)

---------------  T H R E A D  ---------------

Current thread (0x0000021a559bffb0):  JavaThread "Unknown thread" [_thread_in_vm, id=154844, stack(0x000000471ec00000,0x000000471ed00000)]

Stack: [0x000000471ec00000,0x000000471ed00000]
Native frames: (J=compiled Java code, j=interpreted, Vv=VM code, C=native code)
V  [jvm.dll+0x6681ca]
V  [jvm.dll+0x7c9e69]
V  [jvm.dll+0x7cb61e]
V  [jvm.dll+0x7cbc73]
V  [jvm.dll+0x242c55]
V  [jvm.dll+0x664f89]
V  [jvm.dll+0x659b75]
V  [jvm.dll+0x2fbfbb]
V  [jvm.dll+0x3031b6]
V  [jvm.dll+0x35299e]
V  [jvm.dll+0x352bcf]
V  [jvm.dll+0x2d3028]
V  [jvm.dll+0x2d4264]
V  [jvm.dll+0x79c741]
V  [jvm.dll+0x360791]
V  [jvm.dll+0x77a3f0]
V  [jvm.dll+0x3e4e8f]
V  [jvm.dll+0x3e6961]
C  [jli.dll+0x52fb]
C  [ucrtbase.dll+0x21bb2]
C  [KERNEL32.DLL+0x17034]
C  [ntdll.dll+0x52651]


---------------  P R O C E S S  ---------------

Threads class SMR info:
_java_thread_list=0x00007ffbf83ccbb8, length=0, elements={
}

Java Threads: ( => current thread )

Other Threads:
  0x0000021a55a11230 GCTaskThread "GC Thread#0" [stack: 0x000000471ed00000,0x000000471ee00000] [id=153804]
  0x0000021a55a229e0 ConcurrentGCThread "G1 Main Marker" [stack: 0x000000471ee00000,0x000000471ef00000] [id=166448]
  0x0000021a55a234d0 ConcurrentGCThread "G1 Conc#0" [stack: 0x000000471ef00000,0x000000471f000000] [id=167856]

[error occurred during error reporting (printing all threads), id 0xc0000005, EXCEPTION_ACCESS_VIOLATION (0xc0000005) at pc=0x00007ffbf7ba3ee7]

VM state: not at safepoint (not fully initialized)

VM Mutex/Monitor currently owned by a thread:  ([mutex/lock_event])
[0x0000021a559bc390] Heap_lock - owner thread: 0x0000021a559bffb0

Heap address: 0x0000000701200000, size: 4078 MB, Compressed Oops mode: Zero based, Oop shift amount: 3

CDS archive(s) mapped at: [0x0000000000000000-0x0000000000000000-0x0000000000000000), size 0, SharedBaseAddress: 0x0000000800000000, ArchiveRelocationMode: 0.
Narrow klass base: 0x0000000000000000, Narrow klass shift: 0, Narrow klass range: 0x0

GC Precious Log:
<Empty>

Heap:
 garbage-first heap   total 0K, used 0K [0x0000000701200000, 0x0000000800000000)
  region size 2048K, 0 young (0K), 0 survivors (0K)

[error occurred during error reporting (printing heap information), id 0xc0000005, EXCEPTION_ACCESS_VIOLATION (0xc0000005) at pc=0x00007ffbf7f81eed]

GC Heap History (0 events):
No events

Deoptimization events (0 events):
No events

Classes unloaded (0 events):
No events

Classes redefined (0 events):
No events

Internal exceptions (0 events):
No events

Events (1 events):
Event: 0.036 Loaded shared library D:\eclipse-jee-2021-09-R-win32-x86_64\eclipse\plugins\org.eclipse.justj.openjdk.hotspot.jre.full.win32.x86_64_16.0.2.v20210721-1149\jre\bin\java.dll


Dynamic libraries:
0x00007ff6dd990000 - 0x00007ff6dd99e000 	D:\eclipse-jee-2021-09-R-win32-x86_64\eclipse\plugins\org.eclipse.justj.openjdk.hotspot.jre.full.win32.x86_64_16.0.2.v20210721-1149\jre\bin\javaw.exe
0x00007ffc4c150000 - 0x00007ffc4c348000 	C:\WINDOWS\SYSTEM32\ntdll.dll
0x00007ffc1b0c0000 - 0x00007ffc1b0d7000 	C:\Program Files\AVAST Software\Avast\aswhook.dll
0x00007ffc4abe0000 - 0x00007ffc4ac9d000 	C:\WINDOWS\System32\KERNEL32.DLL
0x00007ffc49b90000 - 0x00007ffc49e5e000 	C:\WINDOWS\System32\KERNELBASE.dll
0x00007ffc4a040000 - 0x00007ffc4a140000 	C:\WINDOWS\System32\ucrtbase.dll
0x00007ffc41ea0000 - 0x00007ffc41eb8000 	D:\eclipse-jee-2021-09-R-win32-x86_64\eclipse\plugins\org.eclipse.justj.openjdk.hotspot.jre.full.win32.x86_64_16.0.2.v20210721-1149\jre\bin\jli.dll
0x00007ffc4be90000 - 0x00007ffc4c030000 	C:\WINDOWS\System32\USER32.dll
0x00007ffc49920000 - 0x00007ffc49942000 	C:\WINDOWS\System32\win32u.dll
0x00007ffc4af80000 - 0x00007ffc4afaa000 	C:\WINDOWS\System32\GDI32.dll
0x00007ffc49f30000 - 0x00007ffc4a03b000 	C:\WINDOWS\System32\gdi32full.dll
0x00007ffc49e60000 - 0x00007ffc49efd000 	C:\WINDOWS\System32\msvcp_win.dll
0x00007ffc41e80000 - 0x00007ffc41e99000 	D:\eclipse-jee-2021-09-R-win32-x86_64\eclipse\plugins\org.eclipse.justj.openjdk.hotspot.jre.full.win32.x86_64_16.0.2.v20210721-1149\jre\bin\VCRUNTIME140.dll
0x00007ffc38590000 - 0x00007ffc3882a000 	C:\WINDOWS\WinSxS\amd64_microsoft.windows.common-controls_6595b64144ccf1df_6.0.19041.1110_none_60b5254171f9507e\COMCTL32.dll
0x00007ffc4a6a0000 - 0x00007ffc4a73e000 	C:\WINDOWS\System32\msvcrt.dll
0x00007ffc4aea0000 - 0x00007ffc4aed0000 	C:\WINDOWS\System32\IMM32.DLL
0x00007ffc43f40000 - 0x00007ffc43f4c000 	D:\eclipse-jee-2021-09-R-win32-x86_64\eclipse\plugins\org.eclipse.justj.openjdk.hotspot.jre.full.win32.x86_64_16.0.2.v20210721-1149\jre\bin\vcruntime140_1.dll
0x00007ffc1c910000 - 0x00007ffc1c9a1000 	D:\eclipse-jee-2021-09-R-win32-x86_64\eclipse\plugins\org.eclipse.justj.openjdk.hotspot.jre.full.win32.x86_64_16.0.2.v20210721-1149\jre\bin\msvcp140.dll
0x00007ffbf78c0000 - 0x00007ffbf846b000 	D:\eclipse-jee-2021-09-R-win32-x86_64\eclipse\plugins\org.eclipse.justj.openjdk.hotspot.jre.full.win32.x86_64_16.0.2.v20210721-1149\jre\bin\server\jvm.dll
0x00007ffc4a8e0000 - 0x00007ffc4a98e000 	C:\WINDOWS\System32\ADVAPI32.dll
0x00007ffc4b700000 - 0x00007ffc4b79c000 	C:\WINDOWS\System32\sechost.dll
0x00007ffc4acb0000 - 0x00007ffc4add5000 	C:\WINDOWS\System32\RPCRT4.dll
0x00007ffc4a690000 - 0x00007ffc4a698000 	C:\WINDOWS\System32\PSAPI.DLL
0x00007ffc3f7a0000 - 0x00007ffc3f7c7000 	C:\WINDOWS\SYSTEM32\WINMM.dll
0x00007ffc349a0000 - 0x00007ffc349a9000 	C:\WINDOWS\SYSTEM32\WSOCK32.dll
0x00007ffc418e0000 - 0x00007ffc418ea000 	C:\WINDOWS\SYSTEM32\VERSION.dll
0x00007ffc4a870000 - 0x00007ffc4a8db000 	C:\WINDOWS\System32\WS2_32.dll
0x00007ffc48150000 - 0x00007ffc48162000 	C:\WINDOWS\SYSTEM32\kernel.appcore.dll
0x00007ffc43f10000 - 0x00007ffc43f1a000 	D:\eclipse-jee-2021-09-R-win32-x86_64\eclipse\plugins\org.eclipse.justj.openjdk.hotspot.jre.full.win32.x86_64_16.0.2.v20210721-1149\jre\bin\jimage.dll
0x00007ffc34a10000 - 0x00007ffc34bf4000 	C:\WINDOWS\SYSTEM32\DBGHELP.DLL
0x00007ffc349e0000 - 0x00007ffc34a0c000 	C:\WINDOWS\SYSTEM32\dbgcore.DLL
0x00007ffc49b00000 - 0x00007ffc49b82000 	C:\WINDOWS\System32\bcryptPrimitives.dll
0x00007ffc3b010000 - 0x00007ffc3b035000 	D:\eclipse-jee-2021-09-R-win32-x86_64\eclipse\plugins\org.eclipse.justj.openjdk.hotspot.jre.full.win32.x86_64_16.0.2.v20210721-1149\jre\bin\java.dll

dbghelp: loaded successfully - version: 4.0.5 - missing functions: none
symbol engine: initialized successfully - sym options: 0x614 - pdb path: .;D:\eclipse-jee-2021-09-R-win32-x86_64\eclipse\plugins\org.eclipse.justj.openjdk.hotspot.jre.full.win32.x86_64_16.0.2.v20210721-1149\jre\bin;C:\WINDOWS\SYSTEM32;C:\Program Files\AVAST Software\Avast;C:\WINDOWS\WinSxS\amd64_microsoft.windows.common-controls_6595b64144ccf1df_6.0.19041.1110_none_60b5254171f9507e;D:\eclipse-jee-2021-09-R-win32-x86_64\eclipse\plugins\org.eclipse.justj.openjdk.hotspot.jre.full.win32.x86_64_16.0.2.v20210721-1149\jre\bin\server

VM Arguments:
jvm_args: -Dfile.encoding=UTF-8 -XX:+ShowCodeDetailsInExceptionMessages 
java_command: com.fin.gui.HelpUi
java_class_path (initial): D:\Akira\workspace\Financial\bin;D:\ojdbc6.jar
Launcher Type: SUN_STANDARD

[Global flags]
     intx CICompilerCount                          = 4                                         {product} {ergonomic}
     uint ConcGCThreads                            = 2                                         {product} {ergonomic}
     uint G1ConcRefinementThreads                  = 8                                         {product} {ergonomic}
   size_t G1HeapRegionSize                         = 2097152                                   {product} {ergonomic}
    uintx GCDrainStackTargetSize                   = 64                                        {product} {ergonomic}
   size_t InitialHeapSize                          = 268435456                                 {product} {ergonomic}
   size_t MarkStackSize                            = 4194304                                   {product} {ergonomic}
   size_t MaxHeapSize                              = 4276092928                                {product} {ergonomic}
   size_t MinHeapDeltaBytes                        = 2097152                                   {product} {ergonomic}
   size_t MinHeapSize                              = 8388608                                   {product} {ergonomic}
    uintx NonNMethodCodeHeapSize                   = 5839372                                {pd product} {ergonomic}
    uintx NonProfiledCodeHeapSize                  = 122909434                              {pd product} {ergonomic}
    uintx ProfiledCodeHeapSize                     = 122909434                              {pd product} {ergonomic}
    uintx ReservedCodeCacheSize                    = 251658240                              {pd product} {ergonomic}
     bool SegmentedCodeCache                       = true                                      {product} {ergonomic}
     bool ShowCodeDetailsInExceptionMessages       = true                                   {manageable} {command line}
   size_t SoftMaxHeapSize                          = 4276092928                             {manageable} {ergonomic}
     bool UseCompressedClassPointers               = true                           {product lp64_product} {ergonomic}
     bool UseCompressedOops                        = true                           {product lp64_product} {ergonomic}
     bool UseG1GC                                  = true                                      {product} {ergonomic}
     bool UseLargePagesIndividualAllocation        = false                                  {pd product} {ergonomic}

Logging:
Log output configuration:
 #0: stdout all=warning uptime,level,tags
 #1: stderr all=off uptime,level,tags

Environment Variables:
JAVA_HOME=D:\java1.8.3
CLASSPATH=.;D:\java1.8.3\lib\tools.jar;
PATH=D:/eclipse202106/eclipse-jee-2021-06-R-win32-x86_64/eclipse//plugins/org.eclipse.justj.openjdk.hotspot.jre.full.win32.x86_64_16.0.1.v20210528-1205/jre/bin/server;D:/eclipse202106/eclipse-jee-2021-06-R-win32-x86_64/eclipse//plugins/org.eclipse.justj.openjdk.hotspot.jre.full.win32.x86_64_16.0.1.v20210528-1205/jre/bin;C:\Program Files (x86)\Common Files\Oracle\Java\javapath;D:\app\user\product\11.2.0\dbhome_1\bin;D:\java1.8.3\bin\;C:\Windows\system32;C:\Windows;C:\Windows\System32\Wbem;C:\Windows\System32\WindowsPowerShell\v1.0\;C:\Windows\System32\OpenSSH\;C:\Program Files (x86)\NVIDIA Corporation\PhysX\Common;C:\WINDOWS\system32;C:\WINDOWS;C:\WINDOWS\System32\Wbem;C:\WINDOWS\System32\WindowsPowerShell\v1.0\;"C:\WINDOWS\System32\OpenSSH\;D:\java1.8.3\bin;";C:\Program Files\Microsoft SQL Server\130\Tools\Binn\;C:\Program Files\Microsoft SQL Server\Client SDK\ODBC\170\Tools\Binn\;C:\Program Files\dotnet\;C:\WINDOWS\System32\OpenSSH\;C:\Program Files\NVIDIA Corporation\NVIDIA NvDLISR;D:\Git\cmd;D:\nodejs\;D:\java1.8.3\bin;C:\Users\user\AppData\Local\Programs\Python\Python39\Scripts\;C:\Users\user\AppData\Local\Programs\Python\Python39\;C:\Users\user\AppData\Local\Microsoft\WindowsApps;D:\Microsoft VS Code\bin;C:\Users\user\AppData\Local\GitHubDesktop\bin;C:\Users\user\AppData\Roaming\npm;C:\Users\user\AppData\Local\afreeca;;D:\eclipse202106\eclipse-jee-2021-06-R-win32-x86_64\eclipse;
USERNAME=user
LC_ALL=ko_KR.UTF-8
OS=Windows_NT
PROCESSOR_IDENTIFIER=Intel64 Family 6 Model 60 Stepping 3, GenuineIntel



---------------  S Y S T E M  ---------------

OS:
 Windows 10 , 64 bit Build 19041 (10.0.19041.1806)
OS uptime: 3 days 18:49 hours

CPU: total 8 (initial active 8) (4 cores per cpu, 2 threads per core) family 6 model 60 stepping 3 microcode 0x27, cx8, cmov, fxsr, ht, mmx, sse, sse2, sse3, ssse3, sse4.1, sse4.2, popcnt, lzcnt, tsc, tscinvbit, avx, avx2, aes, erms, clmul, bmi1, bmi2, fma, vzeroupper, clflush

Memory: 4k page, system-wide physical 16304M (1982M free)
TotalPageFile size 36584M (AvailPageFile size 20M)
current process WorkingSet (physical memory assigned to process): 10M, peak: 10M
current process commit charge ("private bytes"): 60M, peak: 316M

vm_info: OpenJDK 64-Bit Server VM (16.0.2+7-67) for windows-amd64 JRE (16.0.2+7-67), built on Jun  8 2021 23:21:43 by "mach5one" with MS VC++ 16.7 (VS2019)

END.
