#
# There is insufficient memory for the Java Runtime Environment to continue.
# Native memory allocation (malloc) failed to allocate 32744 bytes for ChunkPool::allocate
# Possible reasons:
#   The system is out of physical RAM or swap space
#   The process is running with CompressedOops enabled, and the Java Heap may be blocking the growth of the native heap
# Possible solutions:
#   Reduce memory load on the system
#   Increase physical memory or swap space
#   Check if swap backing store is full
#   Decrease Java heap size (-Xmx/-Xms)
#   Decrease number of Java threads
#   Decrease Java thread stack sizes (-Xss)
#   Set larger code cache with -XX:ReservedCodeCacheSize=
#   JVM is running with Zero Based Compressed Oops mode in which the Java heap is
#     placed in the first 32GB address space. The Java Heap base address is the
#     maximum limit for the native heap growth. Please use -XX:HeapBaseMinAddress
#     to set the Java Heap base and to place the Java Heap above 32GB virtual address.
# This output file may be truncated or incomplete.
#
#  Out of Memory Error (allocation.cpp:272), pid=271232, tid=0x000000000004219c
#
# JRE version:  (8.0_311-b11) (build )
# Java VM: Java HotSpot(TM) 64-Bit Server VM (25.311-b11 mixed mode windows-amd64 compressed oops)
# Failed to write core dump. Minidumps are not enabled by default on client versions of Windows
#

---------------  T H R E A D  ---------------

Current thread (0x0000022cf1c20800):  JavaThread "main" [_thread_in_vm, id=270748, stack(0x000000e459300000,0x000000e459400000)]

Stack: [0x000000e459300000,0x000000e459400000]
Native frames: (J=compiled Java code, j=interpreted, Vv=VM code, C=native code)
V  [jvm.dll+0x32f239]
V  [jvm.dll+0x275882]
V  [jvm.dll+0x27652d]
V  [jvm.dll+0x26cf65]
V  [jvm.dll+0xd5a2d]
V  [jvm.dll+0xd5d8c]
V  [jvm.dll+0x6c668]
V  [jvm.dll+0x6c19a]
V  [jvm.dll+0x6b680]
V  [jvm.dll+0x5a741]
V  [jvm.dll+0x65bee]
V  [jvm.dll+0x83afe]
V  [jvm.dll+0x84f40]
V  [jvm.dll+0x85872]
V  [jvm.dll+0x5972a]
V  [jvm.dll+0x65bee]
V  [jvm.dll+0x83afe]
V  [jvm.dll+0x84f40]
V  [jvm.dll+0x85524]
V  [jvm.dll+0x85303]
V  [jvm.dll+0x21d258]
V  [jvm.dll+0x21c9f6]
V  [jvm.dll+0x18d2d2]
C  0x0000022c8001a02e

Java frames: (J=compiled Java code, j=interpreted, Vv=VM code)
j  java.lang.Class.getDeclaredFields0(Z)[Ljava/lang/reflect/Field;+0
j  java.lang.Class.access$100(Ljava/lang/Class;Z)[Ljava/lang/reflect/Field;+2
j  java.lang.Class$Atomic.<clinit>()V+9
v  ~StubRoutines::call_stub
j  java.lang.Class.newReflectionData(Ljava/lang/ref/SoftReference;I)Ljava/lang/Class$ReflectionData;+27
j  java.lang.Class.reflectionData()Ljava/lang/Class$ReflectionData;+45
j  java.lang.Class.privateGetDeclaredFields(Z)[Ljava/lang/reflect/Field;+4
j  java.lang.Class.getDeclaredField(Ljava/lang/String;)Ljava/lang/reflect/Field;+11
j  java.util.concurrent.atomic.AtomicInteger.<clinit>()V+13
v  ~StubRoutines::call_stub
j  java.lang.ThreadLocal.<clinit>()V+0
v  ~StubRoutines::call_stub
j  java.nio.charset.Charset.<clinit>()V+22
v  ~StubRoutines::call_stub
j  java.lang.System.initProperties(Ljava/util/Properties;)Ljava/util/Properties;+0
j  java.lang.System.initializeSystemClass()V+13
v  ~StubRoutines::call_stub

---------------  P R O C E S S  ---------------

Java Threads: ( => current thread )
  0x0000022cfd68c000 JavaThread "Finalizer" daemon [_thread_blocked, id=270376, stack(0x000000e459e00000,0x000000e459f00000)]
  0x0000022cfd688000 JavaThread "Reference Handler" daemon [_thread_blocked, id=270372, stack(0x000000e459d00000,0x000000e459e00000)]
=>0x0000022cf1c20800 JavaThread "main" [_thread_in_vm, id=270748, stack(0x000000e459300000,0x000000e459400000)]

Other Threads:
  0x0000022cfe252800 VMThread [stack: 0x000000e459c00000,0x000000e459d00000] [id=270368]

VM state:not at safepoint (normal execution)

VM Mutex/Monitor currently owned by a thread: None

heap address: 0x00000006c1200000, size: 4078 MB, Compressed Oops mode: Zero based, Oop shift amount: 3
Narrow klass base: 0x0000000000000000, Narrow klass shift: 3
Compressed class space size: 1073741824 Address: 0x00000007c0000000

Heap:
 PSYoungGen      total 76288K, used 1310K [0x000000076b100000, 0x0000000770600000, 0x00000007c0000000)
  eden space 65536K, 2% used [0x000000076b100000,0x000000076b247af0,0x000000076f100000)
  from space 10752K, 0% used [0x000000076fb80000,0x000000076fb80000,0x0000000770600000)
  to   space 10752K, 0% used [0x000000076f100000,0x000000076f100000,0x000000076fb80000)
 ParOldGen       total 175104K, used 0K [0x00000006c1200000, 0x00000006cbd00000, 0x000000076b100000)
  object space 175104K, 0% used [0x00000006c1200000,0x00000006c1200000,0x00000006cbd00000)
 Metaspace       used 1215K, capacity 4480K, committed 4480K, reserved 1056768K
  class space    used 130K, capacity 384K, committed 384K, reserved 1048576K

Card table byte_map: [0x0000022cf3880000,0x0000022cf4080000] byte_map_base: 0x0000022cf0277000

Marking Bits: (ParMarkBitMap*) 0x00000000615d8030
 Begin Bits: [0x0000022cf45d0000, 0x0000022cf8588000)
 End Bits:   [0x0000022cf8588000, 0x0000022cfc540000)

Polling page: 0x0000022cf3490000

CodeCache: size=245760Kb used=414Kb max_used=414Kb free=245345Kb
 bounds [0x0000022c80000000, 0x0000022c80270000, 0x0000022c8f000000]
 total_blobs=106 nmethods=0 adapters=80
 compilation: enabled

Compilation events (0 events):
No events

GC Heap History (0 events):
No events

Deoptimization events (0 events):
No events

Classes redefined (0 events):
No events

Internal exceptions (2 events):
Event: 0.118 Thread 0x0000022cf1c20800 Exception <a 'java/lang/NoSuchMethodError': Method sun.misc.Unsafe.defineClass(Ljava/lang/String;[BII)Ljava/lang/Class; name or signature does not match> (0x000000076b107cc0) thrown at [C:\jenkins\workspace\8-2-build-windows-amd64-cygwin\jdk8u311\1894\hot
Event: 0.118 Thread 0x0000022cf1c20800 Exception <a 'java/lang/NoSuchMethodError': Method sun.misc.Unsafe.prefetchRead(Ljava/lang/Object;J)V name or signature does not match> (0x000000076b107fa8) thrown at [C:\jenkins\workspace\8-2-build-windows-amd64-cygwin\jdk8u311\1894\hotspot\src\share\vm\

Events (10 events):
Event: 0.143 loading class sun/reflect/generics/repository/AbstractRepository
Event: 0.143 loading class sun/reflect/generics/repository/AbstractRepository done
Event: 0.143 loading class sun/reflect/generics/repository/GenericDeclRepository done
Event: 0.143 loading class sun/reflect/generics/repository/ClassRepository done
Event: 0.143 loading class java/lang/Class$AnnotationData
Event: 0.144 loading class java/lang/Class$AnnotationData done
Event: 0.144 loading class sun/reflect/annotation/AnnotationType
Event: 0.144 loading class sun/reflect/annotation/AnnotationType done
Event: 0.144 loading class java/lang/ClassValue$ClassValueMap
Event: 0.144 loading class java/util/WeakHashMap


Dynamic libraries:
0x00007ff6692a0000 - 0x00007ff6692e7000 	C:\Program Files\Java\jdk1.8.0_311\bin\javaw.exe
0x00007ffe99410000 - 0x00007ffe99605000 	C:\WINDOWS\SYSTEM32\ntdll.dll
0x00007ffe64dc0000 - 0x00007ffe64dd6000 	C:\Program Files\AVAST Software\Avast\aswhook.dll
0x00007ffe988f0000 - 0x00007ffe989ae000 	C:\WINDOWS\System32\KERNEL32.DLL
0x00007ffe96be0000 - 0x00007ffe96ea8000 	C:\WINDOWS\System32\KERNELBASE.dll
0x00007ffe99320000 - 0x00007ffe993ce000 	C:\WINDOWS\System32\ADVAPI32.dll
0x00007ffe97510000 - 0x00007ffe975ae000 	C:\WINDOWS\System32\msvcrt.dll
0x00007ffe97470000 - 0x00007ffe9750c000 	C:\WINDOWS\System32\sechost.dll
0x00007ffe975b0000 - 0x00007ffe976d5000 	C:\WINDOWS\System32\RPCRT4.dll
0x00007ffe98e30000 - 0x00007ffe98fd0000 	C:\WINDOWS\System32\USER32.dll
0x00007ffe97190000 - 0x00007ffe971b2000 	C:\WINDOWS\System32\win32u.dll
0x00007ffe976e0000 - 0x00007ffe9770a000 	C:\WINDOWS\System32\GDI32.dll
0x00007ffe971c0000 - 0x00007ffe972cb000 	C:\WINDOWS\System32\gdi32full.dll
0x00007ffe972d0000 - 0x00007ffe9736d000 	C:\WINDOWS\System32\msvcp_win.dll
0x00007ffe97370000 - 0x00007ffe97470000 	C:\WINDOWS\System32\ucrtbase.dll
0x00007ffe84fe0000 - 0x00007ffe8527a000 	C:\WINDOWS\WinSxS\amd64_microsoft.windows.common-controls_6595b64144ccf1df_6.0.19041.1110_none_60b5254171f9507e\COMCTL32.dll
0x00007ffe97d50000 - 0x00007ffe97d80000 	C:\WINDOWS\System32\IMM32.DLL
0x00007ffe858e0000 - 0x00007ffe858f5000 	C:\Program Files\Java\jdk1.8.0_311\jre\bin\vcruntime140.dll
0x00007ffe5cb20000 - 0x00007ffe5cbbb000 	C:\Program Files\Java\jdk1.8.0_311\jre\bin\msvcp140.dll
0x0000000060df0000 - 0x0000000061650000 	C:\Program Files\Java\jdk1.8.0_311\jre\bin\server\jvm.dll
0x00007ffe97ec0000 - 0x00007ffe97ec8000 	C:\WINDOWS\System32\PSAPI.DLL
0x00007ffe85310000 - 0x00007ffe85337000 	C:\WINDOWS\SYSTEM32\WINMM.dll
0x00007ffe8e2d0000 - 0x00007ffe8e2da000 	C:\WINDOWS\SYSTEM32\VERSION.dll
0x00007ffe81500000 - 0x00007ffe81509000 	C:\WINDOWS\SYSTEM32\WSOCK32.dll
0x00007ffe99250000 - 0x00007ffe992bb000 	C:\WINDOWS\System32\WS2_32.dll
0x00007ffe95430000 - 0x00007ffe95442000 	C:\WINDOWS\SYSTEM32\kernel.appcore.dll
0x00007ffe929b0000 - 0x00007ffe929c0000 	C:\Program Files\Java\jdk1.8.0_311\jre\bin\verify.dll
0x00007ffe88980000 - 0x00007ffe889ab000 	C:\Program Files\Java\jdk1.8.0_311\jre\bin\java.dll
0x00007ffe8c260000 - 0x00007ffe8c278000 	C:\Program Files\Java\jdk1.8.0_311\jre\bin\zip.dll
0x00007ffe97ee0000 - 0x00007ffe98624000 	C:\WINDOWS\System32\SHELL32.dll
0x00007ffe94b70000 - 0x00007ffe95304000 	C:\WINDOWS\SYSTEM32\windows.storage.dll
0x00007ffe97960000 - 0x00007ffe97cb4000 	C:\WINDOWS\System32\combase.dll
0x00007ffe965a0000 - 0x00007ffe965cc000 	C:\WINDOWS\SYSTEM32\Wldp.dll
0x00007ffe97770000 - 0x00007ffe9781d000 	C:\WINDOWS\System32\SHCORE.dll
0x00007ffe97710000 - 0x00007ffe97765000 	C:\WINDOWS\System32\shlwapi.dll
0x00007ffe96a70000 - 0x00007ffe96a8f000 	C:\WINDOWS\SYSTEM32\profapi.dll
0x00007ffe8cd10000 - 0x00007ffe8cef4000 	C:\WINDOWS\SYSTEM32\dbghelp.dll
0x00007ffe97100000 - 0x00007ffe97182000 	C:\WINDOWS\System32\bcryptPrimitives.dll

VM Arguments:
jvm_args: -Dfile.encoding=MS949 
java_command: com.test.Test04
java_class_path (initial): D:\Akira\workspace\Day0511\bin
Launcher Type: SUN_STANDARD

Environment Variables:
JAVA_HOME=C:\Program Files\Java\jdk1.8.0_311
CLASSPATH=.;C:\Program Files\Java\jdk1.8.0_311\lib\tools.jar;
PATH=C:/Program Files/Java/jdk-13.0.2/bin/server;C:/Program Files/Java/jdk-13.0.2/bin;D:\app\user\product\11.2.0\dbhome_1\bin;C:\Program Files\Java\jdk1.8.0_311\bin\;C:\Windows\system32;C:\Windows;C:\Windows\System32\Wbem;C:\Windows\System32\WindowsPowerShell\v1.0\;C:\Windows\System32\OpenSSH\;C:\Program Files (x86)\NVIDIA Corporation\PhysX\Common;C:\WINDOWS\system32;C:\WINDOWS;C:\WINDOWS\System32\Wbem;C:\WINDOWS\System32\WindowsPowerShell\v1.0\;"C:\WINDOWS\System32\OpenSSH\;C:\Program Files\Java\jdk1.8.0_311\bin;";C:\Program Files\Microsoft SQL Server\130\Tools\Binn\;C:\Program Files\Microsoft SQL Server\Client SDK\ODBC\170\Tools\Binn\;C:\Program Files\dotnet\;C:\WINDOWS\System32\OpenSSH\;C:\Program Files\NVIDIA Corporation\NVIDIA NvDLISR;D:\Git\cmd;D:\nodejs\;C:\Program Files\Java\jdk1.8.0_311\bin;C:\Program Files\MySQL\MySQL Shell 8.0\bin\;C:\Users\user\AppData\Local\Programs\Python\Python39\Scripts\;C:\Users\user\AppData\Local\Programs\Python\Python39\;C:\Users\user\AppData\Local\Microsoft\WindowsApps;D:\Microsoft VS Code\bin;C:\Users\user\AppData\Local\GitHubDesktop\bin;C:\Users\user\AppData\Roaming\npm;C:\Users\user\AppData\Local\afreeca;;C:\Users\user\Desktop;
USERNAME=user
OS=Windows_NT
PROCESSOR_IDENTIFIER=Intel64 Family 6 Model 60 Stepping 3, GenuineIntel



---------------  S Y S T E M  ---------------

OS: Windows 10.0 , 64 bit Build 19041 (10.0.19041.1645)

CPU:total 8 (initial active 8) (4 cores per cpu, 2 threads per core) family 6 model 60 stepping 3, cmov, cx8, fxsr, mmx, sse, sse2, sse3, ssse3, sse4.1, sse4.2, popcnt, avx, avx2, aes, clmul, erms, lzcnt, ht, tsc, tscinvbit, bmi1, bmi2

Memory: 4k page, physical 16695352k(3359152k free), swap 33498456k(1045452k free)

vm_info: Java HotSpot(TM) 64-Bit Server VM (25.311-b11) for windows-amd64 JRE (1.8.0_311-b11), built on Sep 27 2021 05:15:14 by "java_re" with MS VC++ 15.9 (VS2017)

time: Wed May 11 14:56:19 2022
timezone: 대한민국 표준시
elapsed time: 0.238547 seconds (0d 0h 0m 0s)

